<?xml version="1.0" encoding="UTF-8"?>
<testsuite xmlns:xsi="http://www.w3.org/2001/XMLSchema-instance" xsi:noNamespaceSchemaLocation="https://maven.apache.org/surefire/maven-surefire-plugin/xsd/surefire-test-report.xsd" name="com.spring.springselenium.CucumberRunner" time="21.886" tests="3" errors="0" skipped="0" failures="0">
  <properties>
[...]
</properties>
  <testcase name="runScenario" classname="com.spring.springselenium.CucumberRunner" time="14.323"/>
  <testcase name="runScenario" classname="com.spring.springselenium.CucumberRunner" time="14.323"/>
  <testcase name="runScenario" classname="com.spring.springselenium.CucumberRunner" time="6.51"/>
</testsuite>