<?xml version="1.0" encoding="UTF-8"?>
<testng-results ignored="0" total="3" passed="3" failed="0" skipped="0">
  <reporter-output>
  </reporter-output>
  <suite started-at="2024-09-21T22:03:51 EDT" name="Surefire suite" finished-at="2024-09-21T22:04:12 EDT" duration-ms="21460">
    <groups>
      <group name="cucumber">
        <method signature="AbstractTestNGCucumberTests.runScenario(io.cucumber.testng.PickleWrapper,io.cucumber.testng.FeatureWrapper)[pri:0, instance:com.spring.springselenium.CucumberRunner@4fb0f2b9]" name="runScenario" class="io.cucumber.testng.AbstractTestNGCucumberTests"/>
      </group> <!-- cucumber -->
    </groups>
    <test started-at="2024-09-21T22:03:51 EDT" name="Surefire test" finished-at="2024-09-21T22:04:12 EDT" duration-ms="21460">
      <class name="com.spring.springselenium.CucumberRunner">
        <test-method is-config="true" signature="setUpClass(org.testng.ITestContext)[pri:0, instance:com.spring.springselenium.CucumberRunner@4fb0f2b9]" started-at="2024-09-21T22:03:51 EDT" name="setUpClass" finished-at="2024-09-21T22:03:51 EDT" duration-ms="577" status="PASS">
          <params>
            <param index="0">
              <value>
                <![CDATA[org.testng.TestRunner@191ae03f]]>
              </value>
            </param>
          </params>
          <reporter-output>
          </reporter-output>
        </test-method> <!-- setUpClass -->
        <test-method signature="runScenario(io.cucumber.testng.PickleWrapper,io.cucumber.testng.FeatureWrapper)[pri:0, instance:com.spring.springselenium.CucumberRunner@4fb0f2b9]" started-at="2024-09-21T22:03:51 EDT" name="runScenario" description="Runs Cucumber Scenarios" data-provider="scenarios" finished-at="2024-09-21T22:04:06 EDT" duration-ms="14321" status="PASS">
          <params>
            <param index="0">
              <value>
                <![CDATA["I want to search on google site"]]>
              </value>
            </param>
            <param index="1">
              <value>
                <![CDATA["Google search"]]>
              </value>
            </param>
          </params>
          <reporter-output>
          </reporter-output>
        </test-method> <!-- runScenario -->
        <test-method signature="runScenario(io.cucumber.testng.PickleWrapper,io.cucumber.testng.FeatureWrapper)[pri:0, instance:com.spring.springselenium.CucumberRunner@4fb0f2b9]" started-at="2024-09-21T22:03:51 EDT" name="runScenario" description="Runs Cucumber Scenarios" data-provider="scenarios" finished-at="2024-09-21T22:04:06 EDT" duration-ms="14321" status="PASS">
          <params>
            <param index="0">
              <value>
                <![CDATA["I want to search on google site"]]>
              </value>
            </param>
            <param index="1">
              <value>
                <![CDATA["Google search"]]>
              </value>
            </param>
          </params>
          <reporter-output>
          </reporter-output>
        </test-method> <!-- runScenario -->
        <test-method signature="runScenario(io.cucumber.testng.PickleWrapper,io.cucumber.testng.FeatureWrapper)[pri:0, instance:com.spring.springselenium.CucumberRunner@4fb0f2b9]" started-at="2024-09-21T22:04:06 EDT" name="runScenario" description="Runs Cucumber Scenarios" data-provider="scenarios" finished-at="2024-09-21T22:04:12 EDT" duration-ms="6510" status="PASS">
          <params>
            <param index="0">
              <value>
                <![CDATA["I want to search on google site"]]>
              </value>
            </param>
            <param index="1">
              <value>
                <![CDATA["Google search"]]>
              </value>
            </param>
          </params>
          <reporter-output>
          </reporter-output>
        </test-method> <!-- runScenario -->
        <test-method is-config="true" signature="tearDownClass()[pri:0, instance:com.spring.springselenium.CucumberRunner@4fb0f2b9]" started-at="2024-09-21T22:04:12 EDT" name="tearDownClass" finished-at="2024-09-21T22:04:12 EDT" duration-ms="16" status="PASS">
          <reporter-output>
          </reporter-output>
        </test-method> <!-- tearDownClass -->
      </class> <!-- com.spring.springselenium.CucumberRunner -->
    </test> <!-- Surefire test -->
  </suite> <!-- Surefire suite -->
</testng-results>
